{"contracts\\Ballot.sol":{"l":{"33":66,"34":66,"39":66,"43":198,"60":21,"64":20,"65":19,"66":18,"72":7,"73":7,"75":6,"85":5,"86":2,"89":2,"94":4,"97":4,"98":2,"99":2,"100":2,"103":0,"107":2,"114":14,"115":14,"116":12,"117":11,"118":11,"123":11,"132":0,"138":6,"139":6,"140":18,"141":6,"142":6,"151":3,"158":0},"path":"C:\\Users\\hunny\\OneDrive\\Desktop\\bootcamp solidity june 2022\\project_week_01-main\\project_week_01-main\\contracts\\Ballot.sol","s":{"1":66,"2":66,"3":66,"4":198,"5":21,"6":20,"7":19,"8":18,"9":7,"10":7,"11":6,"12":5,"13":2,"14":2,"15":4,"16":4,"17":2,"18":2,"19":2,"20":0,"21":2,"22":14,"23":14,"24":12,"25":11,"26":11,"27":11,"28":0,"29":6,"30":6,"31":18,"32":6,"33":6,"34":3,"35":0},"b":{"1":[20,1],"2":[19,1],"3":[18,1],"4":[6,1],"5":[5,1],"6":[1,1],"7":[2,2],"8":[0,2],"9":[12,2],"10":[11,1],"11":[6,12]},"f":{"1":66,"2":21,"3":7,"4":14,"5":0,"6":6,"7":3,"8":0},"fnMap":{"1":{"name":"constructor","line":32,"loc":{"start":{"line":32,"column":4},"end":{"line":45,"column":4}}},"2":{"name":"giveRightToVote","line":49,"loc":{"start":{"line":49,"column":4},"end":{"line":67,"column":4}}},"3":{"name":"delegate","line":70,"loc":{"start":{"line":70,"column":4},"end":{"line":109,"column":4}}},"4":{"name":"vote","line":113,"loc":{"start":{"line":113,"column":4},"end":{"line":124,"column":4}}},"5":{"name":"queryProposal","line":128,"loc":{"start":{"line":128,"column":4},"end":{"line":133,"column":4}}},"6":{"name":"winningProposal","line":137,"loc":{"start":{"line":137,"column":4},"end":{"line":145,"column":4}}},"7":{"name":"winnerName","line":150,"loc":{"start":{"line":150,"column":4},"end":{"line":152,"column":4}}},"8":{"name":"winnerVoteCount","line":157,"loc":{"start":{"line":157,"column":4},"end":{"line":159,"column":4}}}},"statementMap":{"1":{"start":{"line":33,"column":8},"end":{"line":33,"column":31}},"2":{"start":{"line":34,"column":8},"end":{"line":34,"column":37}},"3":{"start":{"line":39,"column":8},"end":{"line":39,"column":1297}},"4":{"start":{"line":43,"column":12},"end":{"line":43,"column":75}},"5":{"start":{"line":60,"column":8},"end":{"line":60,"column":2255}},"6":{"start":{"line":64,"column":8},"end":{"line":64,"column":64}},"7":{"start":{"line":65,"column":8},"end":{"line":65,"column":41}},"8":{"start":{"line":66,"column":8},"end":{"line":66,"column":31}},"9":{"start":{"line":72,"column":8},"end":{"line":72,"column":49}},"10":{"start":{"line":73,"column":8},"end":{"line":73,"column":51}},"11":{"start":{"line":75,"column":8},"end":{"line":75,"column":66}},"12":{"start":{"line":85,"column":8},"end":{"line":85,"column":3233}},"13":{"start":{"line":86,"column":12},"end":{"line":86,"column":35}},"14":{"start":{"line":89,"column":12},"end":{"line":89,"column":65}},"15":{"start":{"line":94,"column":8},"end":{"line":94,"column":44}},"16":{"start":{"line":97,"column":8},"end":{"line":97,"column":37}},"17":{"start":{"line":98,"column":8},"end":{"line":98,"column":26}},"18":{"start":{"line":99,"column":8},"end":{"line":99,"column":27}},"19":{"start":{"line":100,"column":8},"end":{"line":100,"column":3769}},"20":{"start":{"line":103,"column":12},"end":{"line":103,"column":63}},"21":{"start":{"line":107,"column":12},"end":{"line":107,"column":44}},"22":{"start":{"line":114,"column":8},"end":{"line":114,"column":49}},"23":{"start":{"line":115,"column":8},"end":{"line":115,"column":58}},"24":{"start":{"line":116,"column":8},"end":{"line":116,"column":47}},"25":{"start":{"line":117,"column":8},"end":{"line":117,"column":26}},"26":{"start":{"line":118,"column":8},"end":{"line":118,"column":29}},"27":{"start":{"line":123,"column":8},"end":{"line":123,"column":53}},"28":{"start":{"line":132,"column":8},"end":{"line":132,"column":39}},"29":{"start":{"line":138,"column":8},"end":{"line":138,"column":36}},"30":{"start":{"line":139,"column":8},"end":{"line":139,"column":5229}},"31":{"start":{"line":140,"column":12},"end":{"line":140,"column":5294}},"32":{"start":{"line":141,"column":16},"end":{"line":141,"column":56}},"33":{"start":{"line":142,"column":16},"end":{"line":142,"column":35}},"34":{"start":{"line":151,"column":8},"end":{"line":151,"column":54}},"35":{"start":{"line":158,"column":8},"end":{"line":158,"column":53}}},"branchMap":{"1":{"line":60,"type":"if","locations":[{"start":{"line":60,"column":8},"end":{"line":60,"column":8}},{"start":{"line":60,"column":8},"end":{"line":60,"column":8}}]},"2":{"line":64,"type":"if","locations":[{"start":{"line":64,"column":8},"end":{"line":64,"column":8}},{"start":{"line":64,"column":8},"end":{"line":64,"column":8}}]},"3":{"line":65,"type":"if","locations":[{"start":{"line":65,"column":8},"end":{"line":65,"column":8}},{"start":{"line":65,"column":8},"end":{"line":65,"column":8}}]},"4":{"line":73,"type":"if","locations":[{"start":{"line":73,"column":8},"end":{"line":73,"column":8}},{"start":{"line":73,"column":8},"end":{"line":73,"column":8}}]},"5":{"line":75,"type":"if","locations":[{"start":{"line":75,"column":8},"end":{"line":75,"column":8}},{"start":{"line":75,"column":8},"end":{"line":75,"column":8}}]},"6":{"line":89,"type":"if","locations":[{"start":{"line":89,"column":12},"end":{"line":89,"column":12}},{"start":{"line":89,"column":12},"end":{"line":89,"column":12}}]},"7":{"line":97,"type":"if","locations":[{"start":{"line":97,"column":8},"end":{"line":97,"column":8}},{"start":{"line":97,"column":8},"end":{"line":97,"column":8}}]},"8":{"line":100,"type":"if","locations":[{"start":{"line":100,"column":8},"end":{"line":100,"column":8}},{"start":{"line":100,"column":8},"end":{"line":100,"column":8}}]},"9":{"line":115,"type":"if","locations":[{"start":{"line":115,"column":8},"end":{"line":115,"column":8}},{"start":{"line":115,"column":8},"end":{"line":115,"column":8}}]},"10":{"line":116,"type":"if","locations":[{"start":{"line":116,"column":8},"end":{"line":116,"column":8}},{"start":{"line":116,"column":8},"end":{"line":116,"column":8}}]},"11":{"line":140,"type":"if","locations":[{"start":{"line":140,"column":12},"end":{"line":140,"column":12}},{"start":{"line":140,"column":12},"end":{"line":140,"column":12}}]}}},"contracts\\Greeter.sol":{"l":{"10":3,"11":3,"15":2,"19":1,"20":1},"path":"C:\\Users\\hunny\\OneDrive\\Desktop\\bootcamp solidity june 2022\\project_week_01-main\\project_week_01-main\\contracts\\Greeter.sol","s":{"1":3,"2":3,"3":2,"4":1,"5":1},"b":{},"f":{"1":3,"2":2,"3":1},"fnMap":{"1":{"name":"constructor","line":9,"loc":{"start":{"line":9,"column":4},"end":{"line":12,"column":4}}},"2":{"name":"greet","line":14,"loc":{"start":{"line":14,"column":4},"end":{"line":16,"column":4}}},"3":{"name":"setGreeting","line":18,"loc":{"start":{"line":18,"column":4},"end":{"line":21,"column":4}}}},"statementMap":{"1":{"start":{"line":10,"column":8},"end":{"line":10,"column":67}},"2":{"start":{"line":11,"column":8},"end":{"line":11,"column":27}},"3":{"start":{"line":15,"column":8},"end":{"line":15,"column":23}},"4":{"start":{"line":19,"column":8},"end":{"line":19,"column":78}},"5":{"start":{"line":20,"column":8},"end":{"line":20,"column":27}}},"branchMap":{}}}